Using pre-set license
Built from '2021.3/staging' branch; Version is '2021.3.11f1 (0a5ca18544bf) revision 679073'; Using compiler version '192829333'; Build Type 'Release'
OS: 'Windows 10  (10.0.19045) 64bit Professional' Language: 'tr' Physical Memory: 16333 MB
BatchMode: 1, IsHumanControllingUs: 0, StartBugReporterOnCrash: 0, Is64bit: 1, IsPro: 1

COMMAND LINE ARGUMENTS:
C:\Program Files\Unity\Hub\Editor\2021.3.11f1\Editor\Unity.exe
-adb2
-batchMode
-noUpm
-name
AssetImportWorker0
-projectPath
C:/Users/Hasan HÜSEYİN/Documents/GitHub/uzayli/uzayli
-logFile
Logs/AssetImportWorker0.log
-srvPort
62972
Successfully changed project path to: C:/Users/Hasan HÜSEYİN/Documents/GitHub/uzayli/uzayli
C:/Users/Hasan HÜSEYİN/Documents/GitHub/uzayli/uzayli
[UnityMemory] Configuration Parameters - Can be set up in boot.config
    "memorysetup-bucket-allocator-granularity=16"
    "memorysetup-bucket-allocator-bucket-count=8"
    "memorysetup-bucket-allocator-block-size=33554432"
    "memorysetup-bucket-allocator-block-count=8"
    "memorysetup-main-allocator-block-size=16777216"
    "memorysetup-thread-allocator-block-size=16777216"
    "memorysetup-gfx-main-allocator-block-size=16777216"
    "memorysetup-gfx-thread-allocator-block-size=16777216"
    "memorysetup-cache-allocator-block-size=4194304"
    "memorysetup-typetree-allocator-block-size=2097152"
    "memorysetup-profiler-bucket-allocator-granularity=16"
    "memorysetup-profiler-bucket-allocator-bucket-count=8"
    "memorysetup-profiler-bucket-allocator-block-size=33554432"
    "memorysetup-profiler-bucket-allocator-block-count=8"
    "memorysetup-profiler-allocator-block-size=16777216"
    "memorysetup-profiler-editor-allocator-block-size=1048576"
    "memorysetup-temp-allocator-size-main=16777216"
    "memorysetup-job-temp-allocator-block-size=2097152"
    "memorysetup-job-temp-allocator-block-size-background=1048576"
    "memorysetup-job-temp-allocator-reduction-small-platforms=262144"
    "memorysetup-temp-allocator-size-background-worker=32768"
    "memorysetup-temp-allocator-size-job-worker=262144"
    "memorysetup-temp-allocator-size-preload-manager=33554432"
    "memorysetup-temp-allocator-size-nav-mesh-worker=65536"
    "memorysetup-temp-allocator-size-audio-worker=65536"
    "memorysetup-temp-allocator-size-cloud-worker=32768"
    "memorysetup-temp-allocator-size-gi-baking-worker=262144"
    "memorysetup-temp-allocator-size-gfx=262144"
Refreshing native plugins compatible for Editor in 103.69 ms, found 3 plugins.
Preloading 0 native plugins for Editor in 0.00 ms.
Initialize engine version: 2021.3.11f1 (0a5ca18544bf)
[Subsystems] Discovering subsystems at path C:/Program Files/Unity/Hub/Editor/2021.3.11f1/Editor/Data/Resources/UnitySubsystems
[Subsystems] Discovering subsystems at path C:/Users/Hasan HÜSEYİN/Documents/GitHub/uzayli/uzayli/Assets
GfxDevice: creating device client; threaded=0; jobified=0
Direct3D:
    Version:  Direct3D 11.0 [level 11.1]
    Renderer: Radeon RX 590 Series (ID=0x67df)
    Vendor:   ATI
    VRAM:     8170 MB
    Driver:   31.0.21912.14
Initialize mono
Mono path[0] = 'C:/Program Files/Unity/Hub/Editor/2021.3.11f1/Editor/Data/Managed'
Mono path[1] = 'C:/Program Files/Unity/Hub/Editor/2021.3.11f1/Editor/Data/MonoBleedingEdge/lib/mono/unityjit-win32'
Mono config path = 'C:/Program Files/Unity/Hub/Editor/2021.3.11f1/Editor/Data/MonoBleedingEdge/etc'
Using monoOptions --debugger-agent=transport=dt_socket,embedding=1,server=y,suspend=n,address=127.0.0.1:56564
Begin MonoManager ReloadAssembly
Registering precompiled unity dll's ...
Register platform support module: C:/Program Files/Unity/Hub/Editor/2021.3.11f1/Editor/Data/PlaybackEngines/WindowsStandaloneSupport/UnityEditor.WindowsStandalone.Extensions.dll
Registered in 0.015045 seconds.
Native extension for WindowsStandalone target not found
Refreshing native plugins compatible for Editor in 99.13 ms, found 3 plugins.
Preloading 0 native plugins for Editor in 0.00 ms.
Mono: successfully reloaded assembly
- Completed reload, in  0.830 seconds
Domain Reload Profiling:
	ReloadAssembly (831ms)
		BeginReloadAssembly (108ms)
			ExecutionOrderSort (0ms)
			DisableScriptedObjects (0ms)
			BackupInstance (0ms)
			ReleaseScriptingObjects (0ms)
			CreateAndSetChildDomain (1ms)
		EndReloadAssembly (542ms)
			LoadAssemblies (103ms)
			RebuildTransferFunctionScriptingTraits (0ms)
			SetupTypeCache (129ms)
			ReleaseScriptCaches (0ms)
			RebuildScriptCaches (32ms)
			SetupLoadedEditorAssemblies (314ms)
				LogAssemblyErrors (0ms)
				InitializePlatformSupportModulesInManaged (11ms)
				SetLoadedEditorAssemblies (0ms)
				RefreshPlugins (99ms)
				BeforeProcessingInitializeOnLoad (2ms)
				ProcessInitializeOnLoadAttributes (146ms)
				ProcessInitializeOnLoadMethodAttributes (56ms)
				AfterProcessingInitializeOnLoad (0ms)
				EditorAssembliesLoaded (0ms)
			ExecutionOrderSort2 (0ms)
			AwakeInstancesAfterBackupRestoration (0ms)
Platform modules already initialized, skipping
Registering precompiled user dll's ...
Registered in 0.012931 seconds.
Begin MonoManager ReloadAssembly
Symbol file LoadedFromMemory doesn't match image C:\Users\Hasan HÜSEYİN\Documents\GitHub\uzayli\uzayli\Library\PackageCache\com.unity.visualscripting@1.7.8\Editor\VisualScripting.Core\Dependencies\YamlDotNet\Unity.VisualScripting.YamlDotNet.dll
Symbol file LoadedFromMemory doesn't match image C:\Users\Hasan HÜSEYİN\Documents\GitHub\uzayli\uzayli\Library\PackageCache\com.unity.visualscripting@1.7.8\Editor\VisualScripting.Core\Dependencies\DotNetZip\Unity.VisualScripting.IonicZip.dll
Native extension for WindowsStandalone target not found
Refreshing native plugins compatible for Editor in 1.12 ms, found 3 plugins.
Preloading 0 native plugins for Editor in 0.00 ms.
Mono: successfully reloaded assembly
- Completed reload, in  1.332 seconds
Domain Reload Profiling:
	ReloadAssembly (1333ms)
		BeginReloadAssembly (144ms)
			ExecutionOrderSort (0ms)
			DisableScriptedObjects (7ms)
			BackupInstance (0ms)
			ReleaseScriptingObjects (0ms)
			CreateAndSetChildDomain (21ms)
		EndReloadAssembly (1034ms)
			LoadAssemblies (131ms)
			RebuildTransferFunctionScriptingTraits (0ms)
			SetupTypeCache (316ms)
			ReleaseScriptCaches (1ms)
			RebuildScriptCaches (58ms)
			SetupLoadedEditorAssemblies (481ms)
				LogAssemblyErrors (0ms)
				InitializePlatformSupportModulesInManaged (9ms)
				SetLoadedEditorAssemblies (1ms)
				RefreshPlugins (1ms)
				BeforeProcessingInitializeOnLoad (129ms)
				ProcessInitializeOnLoadAttributes (288ms)
				ProcessInitializeOnLoadMethodAttributes (35ms)
				AfterProcessingInitializeOnLoad (18ms)
				EditorAssembliesLoaded (0ms)
			ExecutionOrderSort2 (0ms)
			AwakeInstancesAfterBackupRestoration (7ms)
Platform modules already initialized, skipping
========================================================================
Worker process is ready to serve import requests
Launched and connected shader compiler UnityShaderCompiler.exe after 0.06 seconds
Refreshing native plugins compatible for Editor in 0.79 ms, found 3 plugins.
Preloading 0 native plugins for Editor in 0.00 ms.
Unloading 3380 Unused Serialized files (Serialized files now loaded: 0)
Unloading 27 unused Assets / (113.6 KB). Loaded Objects now: 3844.
Memory consumption went from 119.6 MB to 119.4 MB.
Total: 3.855900 ms (FindLiveObjects: 0.364500 ms CreateObjectMapping: 0.097600 ms MarkObjects: 3.261300 ms  DeleteObjects: 0.131300 ms)

AssetImportParameters requested are different than current active one (requested -> active):
  custom:video-decoder-ogg-theora: a1e56fd34408186e4bbccfd4996cb3dc -> 
  custom:container-muxer-webm: aa71ff27fc2769a1b78a27578f13a17b -> 
  custom:container-demuxer-webm: 4f35f7cbe854078d1ac9338744f61a02 -> 
  custom:video-encoder-webm-vp8: eb34c28f22e8b96e1ab97ce403110664 -> 
  custom:audio-encoder-webm-vorbis: bf7c407c2cedff20999df2af8eb42d56 -> 
  custom:framework-win-MediaFoundation: 216162199b28c13a410421893ffa2e32 -> 
  custom:container-demuxer-ogg: 62fdf1f143b41e24485cea50d1cbac27 -> 
  custom:video-decoder-webm-vp8: 9c59270c3fd7afecdb556c50c9e8de78 -> 
  custom:audio-decoder-ogg-vorbis: bf7c407c2cedff20999df2af8eb42d56 -> 
========================================================================
Received Import Request.
  Time since last request: 206471.076138 seconds.
  path: Assets/HousePack/Models
  artifactKey: Guid(2bcc12cba815cb04fa6a5627f01c1231) Importer(815301076,1909f56bfc062723c751e8b465ee728b)
Start importing Assets/HousePack/Models using Guid(2bcc12cba815cb04fa6a5627f01c1231) Importer(815301076,1909f56bfc062723c751e8b465ee728b)  -> (artifact id: '7d0a3f55fe59154a70066c12e93d39ae') in 0.016900 seconds 
========================================================================
Received Import Request.
  Time since last request: 0.000033 seconds.
  path: Assets/HousePack/Models/House3/House3.FBX
  artifactKey: Guid(fd8e4c7d8d0eeba4886bfd24abc96c1c) Importer(815301076,1909f56bfc062723c751e8b465ee728b)
Start importing Assets/HousePack/Models/House3/House3.FBX using Guid(fd8e4c7d8d0eeba4886bfd24abc96c1c) Importer(815301076,1909f56bfc062723c751e8b465ee728b)  -> (artifact id: '259159e12daac80fc727a2ac746d4c9e') in 0.393966 seconds 
========================================================================
Received Import Request.
  Time since last request: 4.513734 seconds.
  path: Assets/NatureManufacture Assets/Winter Background Mountains
  artifactKey: Guid(961d9f2759a57e14dbf17aa401b252c2) Importer(815301076,1909f56bfc062723c751e8b465ee728b)
Start importing Assets/NatureManufacture Assets/Winter Background Mountains using Guid(961d9f2759a57e14dbf17aa401b252c2) Importer(815301076,1909f56bfc062723c751e8b465ee728b)  -> (artifact id: '77ff62344a7eeb07a24a790571541e33') in 0.013563 seconds 
========================================================================
Received Import Request.
  Time since last request: 0.591448 seconds.
  path: Assets/NatureManufacture Assets/Winter Background Mountains/Stamps Unity Terrain 2018.3
  artifactKey: Guid(c6773f82ad8242b4caa8ea8c7ed84937) Importer(815301076,1909f56bfc062723c751e8b465ee728b)
Start importing Assets/NatureManufacture Assets/Winter Background Mountains/Stamps Unity Terrain 2018.3 using Guid(c6773f82ad8242b4caa8ea8c7ed84937) Importer(815301076,1909f56bfc062723c751e8b465ee728b)  -> (artifact id: 'fbbb51626a036db54462f26353a855ff') in 0.012826 seconds 
========================================================================
Received Import Request.
  Time since last request: 0.068487 seconds.
  path: Assets/NatureManufacture Assets/Winter Background Mountains/Stamps Unity Terrain 2018.3/NM_Hill_1.png
  artifactKey: Guid(8f0cd9d84db7f164fa941cccfd720636) Importer(815301076,1909f56bfc062723c751e8b465ee728b)
Start importing Assets/NatureManufacture Assets/Winter Background Mountains/Stamps Unity Terrain 2018.3/NM_Hill_1.png using Guid(8f0cd9d84db7f164fa941cccfd720636) Importer(815301076,1909f56bfc062723c751e8b465ee728b)  -> (artifact id: '561f64989b2f300f7355a4993106561d') in 0.071146 seconds 
========================================================================
Received Import Request.
  Time since last request: 0.000043 seconds.
  path: Assets/NatureManufacture Assets/Winter Background Mountains/Stamps Unity Terrain 2018.3/NM_Mountain_4.png
  artifactKey: Guid(eaa2da699c3288d45a1caeaba021dc1a) Importer(815301076,1909f56bfc062723c751e8b465ee728b)
Start importing Assets/NatureManufacture Assets/Winter Background Mountains/Stamps Unity Terrain 2018.3/NM_Mountain_4.png using Guid(eaa2da699c3288d45a1caeaba021dc1a) Importer(815301076,1909f56bfc062723c751e8b465ee728b)  -> (artifact id: '5a720b6b3073ad8064b2c9fd910ee761') in 0.042795 seconds 
========================================================================
Received Import Request.
  Time since last request: 0.000030 seconds.
  path: Assets/NatureManufacture Assets/Winter Background Mountains/Stamps Unity Terrain 2018.3/NM_Mountain_5.png
  artifactKey: Guid(7398d813bd3cfdf41bde44abd6d26e09) Importer(815301076,1909f56bfc062723c751e8b465ee728b)
Start importing Assets/NatureManufacture Assets/Winter Background Mountains/Stamps Unity Terrain 2018.3/NM_Mountain_5.png using Guid(7398d813bd3cfdf41bde44abd6d26e09) Importer(815301076,1909f56bfc062723c751e8b465ee728b)  -> (artifact id: '1f0613e62450c661558116b5dbfa4204') in 0.046110 seconds 
========================================================================
Received Import Request.
  Time since last request: 0.000035 seconds.
  path: Assets/NatureManufacture Assets/Winter Background Mountains/Stamps Unity Terrain 2018.3/NM_Valey_3.png
  artifactKey: Guid(7a5c52ae0e3af9c44aebcb322a27cb12) Importer(815301076,1909f56bfc062723c751e8b465ee728b)
Start importing Assets/NatureManufacture Assets/Winter Background Mountains/Stamps Unity Terrain 2018.3/NM_Valey_3.png using Guid(7a5c52ae0e3af9c44aebcb322a27cb12) Importer(815301076,1909f56bfc062723c751e8b465ee728b)  -> (artifact id: '71c53f08e3354644a52b2ecec82c8c24') in 0.053356 seconds 
========================================================================
Received Import Request.
  Time since last request: 0.000037 seconds.
  path: Assets/NatureManufacture Assets/Winter Background Mountains/Stamps Unity Terrain 2018.3/NM_Hill_4.png
  artifactKey: Guid(f855d4cd01f04a04ab48a332f068414a) Importer(815301076,1909f56bfc062723c751e8b465ee728b)
Start importing Assets/NatureManufacture Assets/Winter Background Mountains/Stamps Unity Terrain 2018.3/NM_Hill_4.png using Guid(f855d4cd01f04a04ab48a332f068414a) Importer(815301076,1909f56bfc062723c751e8b465ee728b)  -> (artifact id: 'bf5ddbcd379b5bf7f4830d29da217d55') in 0.046492 seconds 
========================================================================
Received Import Request.
  Time since last request: 0.000025 seconds.
  path: Assets/NatureManufacture Assets/Winter Background Mountains/Stamps Unity Terrain 2018.3/NM_Mountain_1.png
  artifactKey: Guid(ef5260eb6be799848a09ffa008a3e0e8) Importer(815301076,1909f56bfc062723c751e8b465ee728b)
Start importing Assets/NatureManufacture Assets/Winter Background Mountains/Stamps Unity Terrain 2018.3/NM_Mountain_1.png using Guid(ef5260eb6be799848a09ffa008a3e0e8) Importer(815301076,1909f56bfc062723c751e8b465ee728b)  -> (artifact id: '2516a4f96a2ff70116dbe37f974b2bc8') in 0.050355 seconds 
========================================================================
Received Import Request.
  Time since last request: 0.000023 seconds.
  path: Assets/NatureManufacture Assets/Winter Background Mountains/Stamps Unity Terrain 2018.3/NM_Hill_3.png
  artifactKey: Guid(6fa796be25ab4894dbc174e2464c4fad) Importer(815301076,1909f56bfc062723c751e8b465ee728b)
Start importing Assets/NatureManufacture Assets/Winter Background Mountains/Stamps Unity Terrain 2018.3/NM_Hill_3.png using Guid(6fa796be25ab4894dbc174e2464c4fad) Importer(815301076,1909f56bfc062723c751e8b465ee728b)  -> (artifact id: '8dadc3183c3c1cd1baaea5aa7b42247a') in 0.040034 seconds 
========================================================================
Received Import Request.
  Time since last request: 0.000025 seconds.
  path: Assets/NatureManufacture Assets/Winter Background Mountains/Stamps Unity Terrain 2018.3/NM_Hill_6.png
  artifactKey: Guid(ce68418ccc7627641819bb2a0f55b71b) Importer(815301076,1909f56bfc062723c751e8b465ee728b)
Start importing Assets/NatureManufacture Assets/Winter Background Mountains/Stamps Unity Terrain 2018.3/NM_Hill_6.png using Guid(ce68418ccc7627641819bb2a0f55b71b) Importer(815301076,1909f56bfc062723c751e8b465ee728b)  -> (artifact id: 'f7dc6b8e8e100ba3395fe830830ab7b5') in 0.039969 seconds 
========================================================================
Received Import Request.
  Time since last request: 0.000027 seconds.
  path: Assets/NatureManufacture Assets/Winter Background Mountains/Stamps Unity Terrain 2018.3/NM_Mountain_6.png
  artifactKey: Guid(eedc9cb933d29b8438eafa106baddc7c) Importer(815301076,1909f56bfc062723c751e8b465ee728b)
Start importing Assets/NatureManufacture Assets/Winter Background Mountains/Stamps Unity Terrain 2018.3/NM_Mountain_6.png using Guid(eedc9cb933d29b8438eafa106baddc7c) Importer(815301076,1909f56bfc062723c751e8b465ee728b)  -> (artifact id: '9a7ddc4f928d02350c9be812cb49835f') in 0.043617 seconds 
========================================================================
Received Import Request.
  Time since last request: 0.000068 seconds.
  path: Assets/NatureManufacture Assets/Winter Background Mountains/Stamps Unity Terrain 2018.3/NM_Hill_9.png
  artifactKey: Guid(8e57711405055f44386825ebb41b82b0) Importer(815301076,1909f56bfc062723c751e8b465ee728b)
Start importing Assets/NatureManufacture Assets/Winter Background Mountains/Stamps Unity Terrain 2018.3/NM_Hill_9.png using Guid(8e57711405055f44386825ebb41b82b0) Importer(815301076,1909f56bfc062723c751e8b465ee728b)  -> (artifact id: '733685b9409286aee0aa576e35957d00') in 0.045181 seconds 
========================================================================
Received Import Request.
  Time since last request: 0.000025 seconds.
  path: Assets/NatureManufacture Assets/Winter Background Mountains/Stamps Unity Terrain 2018.3/NM_Valey_1.png
  artifactKey: Guid(3be965ba857ba874fa8b2ffdab22296e) Importer(815301076,1909f56bfc062723c751e8b465ee728b)
Start importing Assets/NatureManufacture Assets/Winter Background Mountains/Stamps Unity Terrain 2018.3/NM_Valey_1.png using Guid(3be965ba857ba874fa8b2ffdab22296e) Importer(815301076,1909f56bfc062723c751e8b465ee728b)  -> (artifact id: '3da76ad2780e39673756361e886a4c95') in 0.039163 seconds 
Editor requested this worker to shutdown with reason: Scaling down because of idle timeout
AssetImportWorker is now disconnected from the server
Process exiting
Exiting without the bug reporter. Application will terminate with return code 0