Using pre-set license
Built from '2021.3/staging' branch; Version is '2021.3.11f1 (0a5ca18544bf) revision 679073'; Using compiler version '192829333'; Build Type 'Release'
OS: 'Windows 10  (10.0.19045) 64bit Professional' Language: 'tr' Physical Memory: 16333 MB
BatchMode: 1, IsHumanControllingUs: 0, StartBugReporterOnCrash: 0, Is64bit: 1, IsPro: 1

COMMAND LINE ARGUMENTS:
C:\Program Files\Unity\Hub\Editor\2021.3.11f1\Editor\Unity.exe
-adb2
-batchMode
-noUpm
-name
AssetImportWorker6
-projectPath
C:/Users/Hasan HÜSEYİN/Documents/GitHub/uzayli/uzayli
-logFile
Logs/AssetImportWorker6.log
-srvPort
60895
Successfully changed project path to: C:/Users/Hasan HÜSEYİN/Documents/GitHub/uzayli/uzayli
C:/Users/Hasan HÜSEYİN/Documents/GitHub/uzayli/uzayli
[UnityMemory] Configuration Parameters - Can be set up in boot.config
    "memorysetup-bucket-allocator-granularity=16"
    "memorysetup-bucket-allocator-bucket-count=8"
    "memorysetup-bucket-allocator-block-size=33554432"
    "memorysetup-bucket-allocator-block-count=8"
    "memorysetup-main-allocator-block-size=16777216"
    "memorysetup-thread-allocator-block-size=16777216"
    "memorysetup-gfx-main-allocator-block-size=16777216"
    "memorysetup-gfx-thread-allocator-block-size=16777216"
    "memorysetup-cache-allocator-block-size=4194304"
    "memorysetup-typetree-allocator-block-size=2097152"
    "memorysetup-profiler-bucket-allocator-granularity=16"
    "memorysetup-profiler-bucket-allocator-bucket-count=8"
    "memorysetup-profiler-bucket-allocator-block-size=33554432"
    "memorysetup-profiler-bucket-allocator-block-count=8"
    "memorysetup-profiler-allocator-block-size=16777216"
    "memorysetup-profiler-editor-allocator-block-size=1048576"
    "memorysetup-temp-allocator-size-main=16777216"
    "memorysetup-job-temp-allocator-block-size=2097152"
    "memorysetup-job-temp-allocator-block-size-background=1048576"
    "memorysetup-job-temp-allocator-reduction-small-platforms=262144"
    "memorysetup-temp-allocator-size-background-worker=32768"
    "memorysetup-temp-allocator-size-job-worker=262144"
    "memorysetup-temp-allocator-size-preload-manager=33554432"
    "memorysetup-temp-allocator-size-nav-mesh-worker=65536"
    "memorysetup-temp-allocator-size-audio-worker=65536"
    "memorysetup-temp-allocator-size-cloud-worker=32768"
    "memorysetup-temp-allocator-size-gi-baking-worker=262144"
    "memorysetup-temp-allocator-size-gfx=262144"
Refreshing native plugins compatible for Editor in 108.59 ms, found 3 plugins.
Preloading 0 native plugins for Editor in 0.00 ms.
Initialize engine version: 2021.3.11f1 (0a5ca18544bf)
[Subsystems] Discovering subsystems at path C:/Program Files/Unity/Hub/Editor/2021.3.11f1/Editor/Data/Resources/UnitySubsystems
[Subsystems] Discovering subsystems at path C:/Users/Hasan HÜSEYİN/Documents/GitHub/uzayli/uzayli/Assets
GfxDevice: creating device client; threaded=0; jobified=0
Direct3D:
    Version:  Direct3D 11.0 [level 11.1]
    Renderer: Radeon RX 590 Series (ID=0x67df)
    Vendor:   ATI
    VRAM:     8170 MB
    Driver:   31.0.21912.14
Initialize mono
Mono path[0] = 'C:/Program Files/Unity/Hub/Editor/2021.3.11f1/Editor/Data/Managed'
Mono path[1] = 'C:/Program Files/Unity/Hub/Editor/2021.3.11f1/Editor/Data/MonoBleedingEdge/lib/mono/unityjit-win32'
Mono config path = 'C:/Program Files/Unity/Hub/Editor/2021.3.11f1/Editor/Data/MonoBleedingEdge/etc'
Using monoOptions --debugger-agent=transport=dt_socket,embedding=1,server=y,suspend=n,address=127.0.0.1:56368
Begin MonoManager ReloadAssembly
Registering precompiled unity dll's ...
Register platform support module: C:/Program Files/Unity/Hub/Editor/2021.3.11f1/Editor/Data/PlaybackEngines/WindowsStandaloneSupport/UnityEditor.WindowsStandalone.Extensions.dll
Registered in 0.013819 seconds.
Native extension for WindowsStandalone target not found
Refreshing native plugins compatible for Editor in 105.52 ms, found 3 plugins.
Preloading 0 native plugins for Editor in 0.00 ms.
Mono: successfully reloaded assembly
- Completed reload, in  0.824 seconds
Domain Reload Profiling:
	ReloadAssembly (825ms)
		BeginReloadAssembly (112ms)
			ExecutionOrderSort (0ms)
			DisableScriptedObjects (0ms)
			BackupInstance (0ms)
			ReleaseScriptingObjects (0ms)
			CreateAndSetChildDomain (1ms)
		EndReloadAssembly (559ms)
			LoadAssemblies (107ms)
			RebuildTransferFunctionScriptingTraits (0ms)
			SetupTypeCache (120ms)
			ReleaseScriptCaches (0ms)
			RebuildScriptCaches (31ms)
			SetupLoadedEditorAssemblies (328ms)
				LogAssemblyErrors (0ms)
				InitializePlatformSupportModulesInManaged (12ms)
				SetLoadedEditorAssemblies (0ms)
				RefreshPlugins (106ms)
				BeforeProcessingInitializeOnLoad (2ms)
				ProcessInitializeOnLoadAttributes (152ms)
				ProcessInitializeOnLoadMethodAttributes (57ms)
				AfterProcessingInitializeOnLoad (0ms)
				EditorAssembliesLoaded (0ms)
			ExecutionOrderSort2 (0ms)
			AwakeInstancesAfterBackupRestoration (0ms)
Platform modules already initialized, skipping
Registering precompiled user dll's ...
Registered in 0.012248 seconds.
Begin MonoManager ReloadAssembly
Symbol file LoadedFromMemory doesn't match image C:\Users\Hasan HÜSEYİN\Documents\GitHub\uzayli\uzayli\Library\PackageCache\com.unity.visualscripting@1.7.8\Editor\VisualScripting.Core\Dependencies\YamlDotNet\Unity.VisualScripting.YamlDotNet.dll
Symbol file LoadedFromMemory doesn't match image C:\Users\Hasan HÜSEYİN\Documents\GitHub\uzayli\uzayli\Library\PackageCache\com.unity.visualscripting@1.7.8\Editor\VisualScripting.Core\Dependencies\DotNetZip\Unity.VisualScripting.IonicZip.dll
Native extension for WindowsStandalone target not found
Refreshing native plugins compatible for Editor in 0.79 ms, found 3 plugins.
Preloading 0 native plugins for Editor in 0.00 ms.
Mono: successfully reloaded assembly
- Completed reload, in  7.719 seconds
Domain Reload Profiling:
	ReloadAssembly (7720ms)
		BeginReloadAssembly (157ms)
			ExecutionOrderSort (0ms)
			DisableScriptedObjects (8ms)
			BackupInstance (0ms)
			ReleaseScriptingObjects (0ms)
			CreateAndSetChildDomain (22ms)
		EndReloadAssembly (7307ms)
			LoadAssemblies (4386ms)
			RebuildTransferFunctionScriptingTraits (0ms)
			SetupTypeCache (1102ms)
			ReleaseScriptCaches (1ms)
			RebuildScriptCaches (65ms)
			SetupLoadedEditorAssemblies (1705ms)
				LogAssemblyErrors (0ms)
				InitializePlatformSupportModulesInManaged (9ms)
				SetLoadedEditorAssemblies (1ms)
				RefreshPlugins (1ms)
				BeforeProcessingInitializeOnLoad (129ms)
				ProcessInitializeOnLoadAttributes (416ms)
				ProcessInitializeOnLoadMethodAttributes (1128ms)
				AfterProcessingInitializeOnLoad (22ms)
				EditorAssembliesLoaded (0ms)
			ExecutionOrderSort2 (0ms)
			AwakeInstancesAfterBackupRestoration (10ms)
Platform modules already initialized, skipping
========================================================================
Worker process is ready to serve import requests
Launched and connected shader compiler UnityShaderCompiler.exe after 0.12 seconds
Refreshing native plugins compatible for Editor in 1.32 ms, found 3 plugins.
Preloading 0 native plugins for Editor in 0.00 ms.
Unloading 3383 Unused Serialized files (Serialized files now loaded: 0)
Unloading 27 unused Assets / (114.0 KB). Loaded Objects now: 3848.
Memory consumption went from 119.8 MB to 119.6 MB.
Total: 3.902000 ms (FindLiveObjects: 0.447000 ms CreateObjectMapping: 0.097600 ms MarkObjects: 3.209400 ms  DeleteObjects: 0.147000 ms)

AssetImportParameters requested are different than current active one (requested -> active):
  custom:video-decoder-ogg-theora: a1e56fd34408186e4bbccfd4996cb3dc -> 
  custom:container-muxer-webm: aa71ff27fc2769a1b78a27578f13a17b -> 
  custom:container-demuxer-webm: 4f35f7cbe854078d1ac9338744f61a02 -> 
  custom:video-encoder-webm-vp8: eb34c28f22e8b96e1ab97ce403110664 -> 
  custom:audio-encoder-webm-vorbis: bf7c407c2cedff20999df2af8eb42d56 -> 
  custom:framework-win-MediaFoundation: 216162199b28c13a410421893ffa2e32 -> 
  custom:container-demuxer-ogg: 62fdf1f143b41e24485cea50d1cbac27 -> 
  custom:video-decoder-webm-vp8: 9c59270c3fd7afecdb556c50c9e8de78 -> 
  custom:audio-decoder-ogg-vorbis: bf7c407c2cedff20999df2af8eb42d56 -> 
========================================================================
Received Import Request.
  Time since last request: 783.472342 seconds.
  path: Assets/sokak_modelleri/Meshes/Textures/pavement_02.png
  artifactKey: Guid(fb36236789444fa4fa68f9409386c9cd) Importer(815301076,1909f56bfc062723c751e8b465ee728b)
Start importing Assets/sokak_modelleri/Meshes/Textures/pavement_02.png using Guid(fb36236789444fa4fa68f9409386c9cd) Importer(815301076,1909f56bfc062723c751e8b465ee728b)  -> (artifact id: 'd3d7a8bda222fe884c11c1c62b03e9c3') in 0.131720 seconds 
========================================================================
Received Import Request.
  Time since last request: 0.000022 seconds.
  path: Assets/sokak_modelleri/Meshes/Textures/mud.png
  artifactKey: Guid(f25d78572808cbb4fbf0a3a24f1c3880) Importer(815301076,1909f56bfc062723c751e8b465ee728b)
Start importing Assets/sokak_modelleri/Meshes/Textures/mud.png using Guid(f25d78572808cbb4fbf0a3a24f1c3880) Importer(815301076,1909f56bfc062723c751e8b465ee728b)  -> (artifact id: 'd8bce6425a9ea32980d51de1dd1171e0') in 0.033387 seconds 
========================================================================
Received Import Request.
  Time since last request: 0.000029 seconds.
  path: Assets/Scenes
  artifactKey: Guid(6ea315d0fd7389c41b19996891e99ae3) Importer(815301076,1909f56bfc062723c751e8b465ee728b)
Start importing Assets/Scenes using Guid(6ea315d0fd7389c41b19996891e99ae3) Importer(815301076,1909f56bfc062723c751e8b465ee728b)  -> (artifact id: 'bc172811d573b296104adb4d2728db37') in 0.011851 seconds 
========================================================================
Received Import Request.
  Time since last request: 0.000029 seconds.
  path: Assets/sokak_modelleri/Meshes/Bridges.FBX
  artifactKey: Guid(743b5a36add64654a83f60be2beee9f1) Importer(815301076,1909f56bfc062723c751e8b465ee728b)
Start importing Assets/sokak_modelleri/Meshes/Bridges.FBX using Guid(743b5a36add64654a83f60be2beee9f1) Importer(815301076,1909f56bfc062723c751e8b465ee728b)  -> (artifact id: 'f63253a39f1a1ab9272972fd26e1c95e') in 0.304635 seconds 
========================================================================
Received Import Request.
  Time since last request: 0.000036 seconds.
  path: Assets/sokak_modelleri/Meshes/Foliage.FBX
  artifactKey: Guid(e83dabdd8814e2243a3581266264de31) Importer(815301076,1909f56bfc062723c751e8b465ee728b)
Start importing Assets/sokak_modelleri/Meshes/Foliage.FBX using Guid(e83dabdd8814e2243a3581266264de31) Importer(815301076,1909f56bfc062723c751e8b465ee728b)  -> (artifact id: '02c4db482d652d1acd5e946e1341c974') in 0.247361 seconds 
========================================================================
Received Import Request.
  Time since last request: 0.000053 seconds.
  path: Assets/sokak_modelleri/Meshes/Materials/Leaves_02.mat
  artifactKey: Guid(ef03674ad19dc4f4985cb53df430ba91) Importer(815301076,1909f56bfc062723c751e8b465ee728b)
Start importing Assets/sokak_modelleri/Meshes/Materials/Leaves_02.mat using Guid(ef03674ad19dc4f4985cb53df430ba91) Importer(815301076,1909f56bfc062723c751e8b465ee728b)  -> (artifact id: '9a4a5f0333b811ed4708a52bc5d728e1') in 0.076831 seconds 
========================================================================
Received Import Request.
  Time since last request: 0.000038 seconds.
  path: Assets/sokak_modelleri/Meshes/Textures/atlas.tga
  artifactKey: Guid(a56b08bcd0efc1142ac4b8a9ae1284e1) Importer(815301076,1909f56bfc062723c751e8b465ee728b)
Start importing Assets/sokak_modelleri/Meshes/Textures/atlas.tga using Guid(a56b08bcd0efc1142ac4b8a9ae1284e1) Importer(815301076,1909f56bfc062723c751e8b465ee728b)  -> (artifact id: '72316c645e3d444f97d9966cf74f2950') in 0.064245 seconds 
========================================================================
Received Import Request.
  Time since last request: 0.000030 seconds.
  path: Assets/sokak_modelleri/Meshes/Textures/atlas01.png
  artifactKey: Guid(f7ae15a5a225f114fba4b2cce460cf37) Importer(815301076,1909f56bfc062723c751e8b465ee728b)
Start importing Assets/sokak_modelleri/Meshes/Textures/atlas01.png using Guid(f7ae15a5a225f114fba4b2cce460cf37) Importer(815301076,1909f56bfc062723c751e8b465ee728b)  -> (artifact id: '62a5b21b39bb72fb14c5882667e0a0f3') in 0.022906 seconds 
========================================================================
Received Import Request.
  Time since last request: 0.000032 seconds.
  path: Assets/sokak_modelleri/Meshes/Materials/Grass.mat
  artifactKey: Guid(700158700e4398340be1a92aa014ec3a) Importer(815301076,1909f56bfc062723c751e8b465ee728b)
Start importing Assets/sokak_modelleri/Meshes/Materials/Grass.mat using Guid(700158700e4398340be1a92aa014ec3a) Importer(815301076,1909f56bfc062723c751e8b465ee728b)  -> (artifact id: '38ebe70511cff46efa4de92230aac7b9') in 0.039959 seconds 
========================================================================
Received Import Request.
  Time since last request: 0.000040 seconds.
  path: Assets/sokak_modelleri/Meshes/Materials/RoadMarkings.mat
  artifactKey: Guid(1a8b038a9dbe8264f8adca5057f1acc3) Importer(815301076,1909f56bfc062723c751e8b465ee728b)
Start importing Assets/sokak_modelleri/Meshes/Materials/RoadMarkings.mat using Guid(1a8b038a9dbe8264f8adca5057f1acc3) Importer(815301076,1909f56bfc062723c751e8b465ee728b)  -> (artifact id: 'f1bd7b191429071da7f9bde84e0c5954') in 0.034577 seconds 
========================================================================
Received Import Request.
  Time since last request: 0.000051 seconds.
  path: Assets/Scenes/SampleScene.unity
  artifactKey: Guid(9fc0d4010bbf28b4594072e72b8655ab) Importer(815301076,1909f56bfc062723c751e8b465ee728b)
Start importing Assets/Scenes/SampleScene.unity using Guid(9fc0d4010bbf28b4594072e72b8655ab) Importer(815301076,1909f56bfc062723c751e8b465ee728b)  -> (artifact id: 'fa3cb1b800db1cca0dc7688d279996de') in 0.014122 seconds 
========================================================================
Received Import Request.
  Time since last request: 0.000028 seconds.
  path: Assets/sokak_modelleri/Meshes/Textures/pavement_03.png
  artifactKey: Guid(6b2a8429251e42d4c95c89da7e8a87f3) Importer(815301076,1909f56bfc062723c751e8b465ee728b)
Start importing Assets/sokak_modelleri/Meshes/Textures/pavement_03.png using Guid(6b2a8429251e42d4c95c89da7e8a87f3) Importer(815301076,1909f56bfc062723c751e8b465ee728b)  -> (artifact id: '1d32f2b15594a147fce298f9df4ca6d7') in 0.033930 seconds 
Editor requested this worker to shutdown with reason: Scaling down because of idle timeout
AssetImportWorker is now disconnected from the server
Process exiting
Exiting without the bug reporter. Application will terminate with return code 0