Using pre-set license
Built from '2021.3/staging' branch; Version is '2021.3.11f1 (0a5ca18544bf) revision 679073'; Using compiler version '192829333'; Build Type 'Release'
OS: 'Windows 10  (10.0.19045) 64bit Professional' Language: 'tr' Physical Memory: 16333 MB
BatchMode: 1, IsHumanControllingUs: 0, StartBugReporterOnCrash: 0, Is64bit: 1, IsPro: 1

COMMAND LINE ARGUMENTS:
C:\Program Files\Unity\Hub\Editor\2021.3.11f1\Editor\Unity.exe
-adb2
-batchMode
-noUpm
-name
AssetImportWorker2
-projectPath
C:/Users/Hasan HÜSEYİN/Documents/GitHub/uzayli/uzayli
-logFile
Logs/AssetImportWorker2.log
-srvPort
64947
Successfully changed project path to: C:/Users/Hasan HÜSEYİN/Documents/GitHub/uzayli/uzayli
C:/Users/Hasan HÜSEYİN/Documents/GitHub/uzayli/uzayli
[UnityMemory] Configuration Parameters - Can be set up in boot.config
    "memorysetup-bucket-allocator-granularity=16"
    "memorysetup-bucket-allocator-bucket-count=8"
    "memorysetup-bucket-allocator-block-size=33554432"
    "memorysetup-bucket-allocator-block-count=8"
    "memorysetup-main-allocator-block-size=16777216"
    "memorysetup-thread-allocator-block-size=16777216"
    "memorysetup-gfx-main-allocator-block-size=16777216"
    "memorysetup-gfx-thread-allocator-block-size=16777216"
    "memorysetup-cache-allocator-block-size=4194304"
    "memorysetup-typetree-allocator-block-size=2097152"
    "memorysetup-profiler-bucket-allocator-granularity=16"
    "memorysetup-profiler-bucket-allocator-bucket-count=8"
    "memorysetup-profiler-bucket-allocator-block-size=33554432"
    "memorysetup-profiler-bucket-allocator-block-count=8"
    "memorysetup-profiler-allocator-block-size=16777216"
    "memorysetup-profiler-editor-allocator-block-size=1048576"
    "memorysetup-temp-allocator-size-main=16777216"
    "memorysetup-job-temp-allocator-block-size=2097152"
    "memorysetup-job-temp-allocator-block-size-background=1048576"
    "memorysetup-job-temp-allocator-reduction-small-platforms=262144"
    "memorysetup-temp-allocator-size-background-worker=32768"
    "memorysetup-temp-allocator-size-job-worker=262144"
    "memorysetup-temp-allocator-size-preload-manager=33554432"
    "memorysetup-temp-allocator-size-nav-mesh-worker=65536"
    "memorysetup-temp-allocator-size-audio-worker=65536"
    "memorysetup-temp-allocator-size-cloud-worker=32768"
    "memorysetup-temp-allocator-size-gi-baking-worker=262144"
    "memorysetup-temp-allocator-size-gfx=262144"
Refreshing native plugins compatible for Editor in 103.53 ms, found 3 plugins.
Preloading 0 native plugins for Editor in 0.00 ms.
Initialize engine version: 2021.3.11f1 (0a5ca18544bf)
[Subsystems] Discovering subsystems at path C:/Program Files/Unity/Hub/Editor/2021.3.11f1/Editor/Data/Resources/UnitySubsystems
[Subsystems] Discovering subsystems at path C:/Users/Hasan HÜSEYİN/Documents/GitHub/uzayli/uzayli/Assets
GfxDevice: creating device client; threaded=0; jobified=0
Direct3D:
    Version:  Direct3D 11.0 [level 11.1]
    Renderer: Radeon RX 590 Series (ID=0x67df)
    Vendor:   ATI
    VRAM:     8170 MB
    Driver:   31.0.21912.14
Initialize mono
Mono path[0] = 'C:/Program Files/Unity/Hub/Editor/2021.3.11f1/Editor/Data/Managed'
Mono path[1] = 'C:/Program Files/Unity/Hub/Editor/2021.3.11f1/Editor/Data/MonoBleedingEdge/lib/mono/unityjit-win32'
Mono config path = 'C:/Program Files/Unity/Hub/Editor/2021.3.11f1/Editor/Data/MonoBleedingEdge/etc'
Using monoOptions --debugger-agent=transport=dt_socket,embedding=1,server=y,suspend=n,address=127.0.0.1:56240
Begin MonoManager ReloadAssembly
Registering precompiled unity dll's ...
Register platform support module: C:/Program Files/Unity/Hub/Editor/2021.3.11f1/Editor/Data/PlaybackEngines/WindowsStandaloneSupport/UnityEditor.WindowsStandalone.Extensions.dll
Registered in 0.013877 seconds.
Native extension for WindowsStandalone target not found
Refreshing native plugins compatible for Editor in 96.57 ms, found 3 plugins.
Preloading 0 native plugins for Editor in 0.00 ms.
Mono: successfully reloaded assembly
- Completed reload, in  0.762 seconds
Domain Reload Profiling:
	ReloadAssembly (762ms)
		BeginReloadAssembly (101ms)
			ExecutionOrderSort (0ms)
			DisableScriptedObjects (0ms)
			BackupInstance (0ms)
			ReleaseScriptingObjects (0ms)
			CreateAndSetChildDomain (1ms)
		EndReloadAssembly (514ms)
			LoadAssemblies (97ms)
			RebuildTransferFunctionScriptingTraits (0ms)
			SetupTypeCache (115ms)
			ReleaseScriptCaches (0ms)
			RebuildScriptCaches (30ms)
			SetupLoadedEditorAssemblies (302ms)
				LogAssemblyErrors (0ms)
				InitializePlatformSupportModulesInManaged (10ms)
				SetLoadedEditorAssemblies (0ms)
				RefreshPlugins (97ms)
				BeforeProcessingInitializeOnLoad (2ms)
				ProcessInitializeOnLoadAttributes (140ms)
				ProcessInitializeOnLoadMethodAttributes (52ms)
				AfterProcessingInitializeOnLoad (0ms)
				EditorAssembliesLoaded (0ms)
			ExecutionOrderSort2 (0ms)
			AwakeInstancesAfterBackupRestoration (0ms)
Platform modules already initialized, skipping
Registering precompiled user dll's ...
Registered in 0.010802 seconds.
Begin MonoManager ReloadAssembly
Symbol file LoadedFromMemory doesn't match image C:\Users\Hasan HÜSEYİN\Documents\GitHub\uzayli\uzayli\Library\PackageCache\com.unity.visualscripting@1.7.8\Editor\VisualScripting.Core\Dependencies\YamlDotNet\Unity.VisualScripting.YamlDotNet.dll
Symbol file LoadedFromMemory doesn't match image C:\Users\Hasan HÜSEYİN\Documents\GitHub\uzayli\uzayli\Library\PackageCache\com.unity.visualscripting@1.7.8\Editor\VisualScripting.Core\Dependencies\DotNetZip\Unity.VisualScripting.IonicZip.dll
Native extension for WindowsStandalone target not found
Refreshing native plugins compatible for Editor in 0.75 ms, found 3 plugins.
Preloading 0 native plugins for Editor in 0.00 ms.
Mono: successfully reloaded assembly
- Completed reload, in  1.265 seconds
Domain Reload Profiling:
	ReloadAssembly (1266ms)
		BeginReloadAssembly (144ms)
			ExecutionOrderSort (0ms)
			DisableScriptedObjects (8ms)
			BackupInstance (0ms)
			ReleaseScriptingObjects (0ms)
			CreateAndSetChildDomain (20ms)
		EndReloadAssembly (968ms)
			LoadAssemblies (117ms)
			RebuildTransferFunctionScriptingTraits (0ms)
			SetupTypeCache (300ms)
			ReleaseScriptCaches (1ms)
			RebuildScriptCaches (57ms)
			SetupLoadedEditorAssemblies (453ms)
				LogAssemblyErrors (0ms)
				InitializePlatformSupportModulesInManaged (9ms)
				SetLoadedEditorAssemblies (1ms)
				RefreshPlugins (1ms)
				BeforeProcessingInitializeOnLoad (113ms)
				ProcessInitializeOnLoadAttributes (281ms)
				ProcessInitializeOnLoadMethodAttributes (33ms)
				AfterProcessingInitializeOnLoad (17ms)
				EditorAssembliesLoaded (0ms)
			ExecutionOrderSort2 (0ms)
			AwakeInstancesAfterBackupRestoration (7ms)
Platform modules already initialized, skipping
========================================================================
Worker process is ready to serve import requests
Launched and connected shader compiler UnityShaderCompiler.exe after 0.05 seconds
Refreshing native plugins compatible for Editor in 0.76 ms, found 3 plugins.
Preloading 0 native plugins for Editor in 0.00 ms.
Unloading 3382 Unused Serialized files (Serialized files now loaded: 0)
Unloading 27 unused Assets / (113.6 KB). Loaded Objects now: 3846.
Memory consumption went from 119.6 MB to 119.5 MB.
Total: 3.611500 ms (FindLiveObjects: 0.320800 ms CreateObjectMapping: 0.095700 ms MarkObjects: 3.065000 ms  DeleteObjects: 0.128900 ms)

AssetImportParameters requested are different than current active one (requested -> active):
  custom:video-decoder-ogg-theora: a1e56fd34408186e4bbccfd4996cb3dc -> 
  custom:container-muxer-webm: aa71ff27fc2769a1b78a27578f13a17b -> 
  custom:container-demuxer-webm: 4f35f7cbe854078d1ac9338744f61a02 -> 
  custom:video-encoder-webm-vp8: eb34c28f22e8b96e1ab97ce403110664 -> 
  custom:audio-encoder-webm-vorbis: bf7c407c2cedff20999df2af8eb42d56 -> 
  custom:framework-win-MediaFoundation: 216162199b28c13a410421893ffa2e32 -> 
  custom:container-demuxer-ogg: 62fdf1f143b41e24485cea50d1cbac27 -> 
  custom:video-decoder-webm-vp8: 9c59270c3fd7afecdb556c50c9e8de78 -> 
  custom:audio-decoder-ogg-vorbis: bf7c407c2cedff20999df2af8eb42d56 -> 
========================================================================
Received Import Request.
  Time since last request: 238669.673815 seconds.
  path: Assets/sokak_modelleri/Prefabs/şehir_aksesuarları/Roundabouts/QuickBuild
  artifactKey: Guid(ef926a5c0fedecd4689be2c19690db84) Importer(815301076,1909f56bfc062723c751e8b465ee728b)
Start importing Assets/sokak_modelleri/Prefabs/şehir_aksesuarları/Roundabouts/QuickBuild using Guid(ef926a5c0fedecd4689be2c19690db84) Importer(815301076,1909f56bfc062723c751e8b465ee728b)  -> (artifact id: '65049de13de8397ef3d6de58d3317901') in 0.016240 seconds 
========================================================================
Received Import Request.
  Time since last request: 0.053041 seconds.
  path: Assets/sokak_modelleri/Prefabs/şehir_aksesuarları/Roundabouts/QuickBuild/Roundabout_A_V01.prefab
  artifactKey: Guid(009b8e78a1cfd1042b2c2e623aaf10a5) Importer(815301076,1909f56bfc062723c751e8b465ee728b)
Start importing Assets/sokak_modelleri/Prefabs/şehir_aksesuarları/Roundabouts/QuickBuild/Roundabout_A_V01.prefab using Guid(009b8e78a1cfd1042b2c2e623aaf10a5) Importer(815301076,1909f56bfc062723c751e8b465ee728b)  -> (artifact id: '4a842c213718517741afb79dcfe15143') in 0.203707 seconds 
========================================================================
Received Import Request.
  Time since last request: 677.619512 seconds.
  path: Assets/sokak_modelleri/Prefabs/şehir_aksesuarları/SewerCaps/SewerCap_A.prefab
  artifactKey: Guid(381f2680f281e244eb33ca1608e0a5f1) Importer(815301076,1909f56bfc062723c751e8b465ee728b)
Start importing Assets/sokak_modelleri/Prefabs/şehir_aksesuarları/SewerCaps/SewerCap_A.prefab using Guid(381f2680f281e244eb33ca1608e0a5f1) Importer(815301076,1909f56bfc062723c751e8b465ee728b)  -> (artifact id: '077b5e56a44b9133d9f419b953b3f11a') in 0.045600 seconds 
========================================================================
Received Import Request.
  Time since last request: 16.200602 seconds.
  path: Assets/sokak_modelleri/Prefabs/şehir_aksesuarları/Powerpoles/Powerpole_A_A.prefab
  artifactKey: Guid(0f92d2fd15e7f4b4e9ed2fb13644ad68) Importer(815301076,1909f56bfc062723c751e8b465ee728b)
Start importing Assets/sokak_modelleri/Prefabs/şehir_aksesuarları/Powerpoles/Powerpole_A_A.prefab using Guid(0f92d2fd15e7f4b4e9ed2fb13644ad68) Importer(815301076,1909f56bfc062723c751e8b465ee728b)  -> (artifact id: '6df8739ce4602d51fc9363534e2edbf6') in 0.043763 seconds 
========================================================================
Received Import Request.
  Time since last request: 0.000025 seconds.
  path: Assets/sokak_modelleri/Prefabs/şehir_aksesuarları/Powerpoles/Powerpole_B_B.prefab
  artifactKey: Guid(b3bfdc11c7193c04d93f651feb81749f) Importer(815301076,1909f56bfc062723c751e8b465ee728b)
Start importing Assets/sokak_modelleri/Prefabs/şehir_aksesuarları/Powerpoles/Powerpole_B_B.prefab using Guid(b3bfdc11c7193c04d93f651feb81749f) Importer(815301076,1909f56bfc062723c751e8b465ee728b)  -> (artifact id: '425b399a40410f22dcb4f530b7e9801e') in 0.036569 seconds 
========================================================================
Received Import Request.
  Time since last request: 9.130080 seconds.
  path: Assets/sokak_modelleri/Prefabs/şehir_aksesuarları/levhalar/StreetSigns
  artifactKey: Guid(5eee900370d4b5c439d8015a796667be) Importer(815301076,1909f56bfc062723c751e8b465ee728b)
Start importing Assets/sokak_modelleri/Prefabs/şehir_aksesuarları/levhalar/StreetSigns using Guid(5eee900370d4b5c439d8015a796667be) Importer(815301076,1909f56bfc062723c751e8b465ee728b)  -> (artifact id: 'a07f3c5aaa65f4fac84c9f4d999641d4') in 0.010695 seconds 
========================================================================
Received Import Request.
  Time since last request: 9.599018 seconds.
  path: Assets/sokak_modelleri/Prefabs/Roads/kaldırım/B
  artifactKey: Guid(7448351b4bab5f743ab3d90758947736) Importer(815301076,1909f56bfc062723c751e8b465ee728b)
Start importing Assets/sokak_modelleri/Prefabs/Roads/kaldırım/B using Guid(7448351b4bab5f743ab3d90758947736) Importer(815301076,1909f56bfc062723c751e8b465ee728b)  -> (artifact id: '20ca0fd622b9f9c7dea36f9516945810') in 0.010337 seconds 
========================================================================
Received Import Request.
  Time since last request: 36.008092 seconds.
  path: Assets/sokak_modelleri/Prefabs/Roads/Parking/viraj
  artifactKey: Guid(15d65239871337c4a8951ef7678fdea8) Importer(815301076,1909f56bfc062723c751e8b465ee728b)
Start importing Assets/sokak_modelleri/Prefabs/Roads/Parking/viraj using Guid(15d65239871337c4a8951ef7678fdea8) Importer(815301076,1909f56bfc062723c751e8b465ee728b)  -> (artifact id: 'a3250470235856be1b6c0096fb6fe990') in 0.010980 seconds 
========================================================================
Received Import Request.
  Time since last request: 8.937650 seconds.
  path: Assets/sokak_modelleri/Prefabs/Roads/Parks/viraj2
  artifactKey: Guid(9d0e5e49d0862fb43b226f7bfda67d1d) Importer(815301076,1909f56bfc062723c751e8b465ee728b)
Start importing Assets/sokak_modelleri/Prefabs/Roads/Parks/viraj2 using Guid(9d0e5e49d0862fb43b226f7bfda67d1d) Importer(815301076,1909f56bfc062723c751e8b465ee728b)  -> (artifact id: '1d914cc08b521c18190575c6fa09c0b3') in 0.011314 seconds 
========================================================================
Received Import Request.
  Time since last request: 9.699680 seconds.
  path: Assets/sokak_modelleri/Prefabs/Roads/Bridges/yollar2
  artifactKey: Guid(ba2af10817b265c419c092f72486c712) Importer(815301076,1909f56bfc062723c751e8b465ee728b)
Start importing Assets/sokak_modelleri/Prefabs/Roads/Bridges/yollar2 using Guid(ba2af10817b265c419c092f72486c712) Importer(815301076,1909f56bfc062723c751e8b465ee728b)  -> (artifact id: 'd83ab9f1e0fff024327811de1c92693c') in 0.010010 seconds 
========================================================================
Received Import Request.
  Time since last request: 20.771145 seconds.
  path: Assets/NatureManufacture Assets/Winter Background Mountains/Winter Mountains  Overview/LightingData.asset
  artifactKey: Guid(b73cfa0a14c1762449215bb8b2fa4bda) Importer(815301076,1909f56bfc062723c751e8b465ee728b)
Start importing Assets/NatureManufacture Assets/Winter Background Mountains/Winter Mountains  Overview/LightingData.asset using Guid(b73cfa0a14c1762449215bb8b2fa4bda) Importer(815301076,1909f56bfc062723c751e8b465ee728b) Lighting data asset ‘LightingData’ is incompatible with the current Unity version. Please use Generate Lighting to rebuild the lighting data. Realtime Global Illumination cannot be used until the lighting data is rebuilt.
 -> (artifact id: 'c35e0471c8500593266b82a7cb203e59') in 0.024992 seconds 
========================================================================
Received Import Request.
  Time since last request: 0.730780 seconds.
  path: Assets/NatureManufacture Assets/Winter Background Mountains/Winter Mountains Demo/LightingData.asset
  artifactKey: Guid(cf68995f2fa22ef4eb5f9f7aa4b5174e) Importer(815301076,1909f56bfc062723c751e8b465ee728b)
Start importing Assets/NatureManufacture Assets/Winter Background Mountains/Winter Mountains Demo/LightingData.asset using Guid(cf68995f2fa22ef4eb5f9f7aa4b5174e) Importer(815301076,1909f56bfc062723c751e8b465ee728b) Lighting data asset ‘LightingData’ is incompatible with the current Unity version. Please use Generate Lighting to rebuild the lighting data. Realtime Global Illumination cannot be used until the lighting data is rebuilt.
 -> (artifact id: '5c0923fb621e5ef6bc197b2c05833c45') in 0.011006 seconds 
========================================================================
Received Import Request.
  Time since last request: 2.761716 seconds.
  path: Assets/NatureManufacture Assets/Winter Background Mountains/Models/Models
  artifactKey: Guid(5a0683f3809fac644b640e4ce1eb7847) Importer(815301076,1909f56bfc062723c751e8b465ee728b)
Start importing Assets/NatureManufacture Assets/Winter Background Mountains/Models/Models using Guid(5a0683f3809fac644b640e4ce1eb7847) Importer(815301076,1909f56bfc062723c751e8b465ee728b)  -> (artifact id: '711b728e28085326c9b63fe30b760b92') in 0.011142 seconds 
========================================================================
Received Import Request.
  Time since last request: 0.042282 seconds.
  path: Assets/NatureManufacture Assets/Winter Background Mountains/Models/Models/Mountain_2.fbx
  artifactKey: Guid(a8d4be9eb954bc34ca0962624296d3ae) Importer(815301076,1909f56bfc062723c751e8b465ee728b)
Start importing Assets/NatureManufacture Assets/Winter Background Mountains/Models/Models/Mountain_2.fbx using Guid(a8d4be9eb954bc34ca0962624296d3ae) Importer(815301076,1909f56bfc062723c751e8b465ee728b)  -> (artifact id: 'f6ab47e754ed83724250cfe6a1651cdf') in 0.124268 seconds 
========================================================================
Received Import Request.
  Time since last request: 0.000029 seconds.
  path: Assets/NatureManufacture Assets/Winter Background Mountains/Models/Models/Mountain_23.fbx
  artifactKey: Guid(dcdf21d397cae984ebcbd10e25258dc3) Importer(815301076,1909f56bfc062723c751e8b465ee728b)
Start importing Assets/NatureManufacture Assets/Winter Background Mountains/Models/Models/Mountain_23.fbx using Guid(dcdf21d397cae984ebcbd10e25258dc3) Importer(815301076,1909f56bfc062723c751e8b465ee728b)  -> (artifact id: '3ab1c139a25881d523d816883dfe4e38') in 0.059771 seconds 
========================================================================
Received Import Request.
  Time since last request: 0.000033 seconds.
  path: Assets/NatureManufacture Assets/Winter Background Mountains/Models/Models/Mountain_47.fbx
  artifactKey: Guid(c1db156aa1dec1b448f610730bffa163) Importer(815301076,1909f56bfc062723c751e8b465ee728b)
Start importing Assets/NatureManufacture Assets/Winter Background Mountains/Models/Models/Mountain_47.fbx using Guid(c1db156aa1dec1b448f610730bffa163) Importer(815301076,1909f56bfc062723c751e8b465ee728b)  -> (artifact id: '15bf7245373fd6380a3c559ced4eacc3') in 0.052538 seconds 
