Using pre-set license
Built from '2021.3/staging' branch; Version is '2021.3.11f1 (0a5ca18544bf) revision 679073'; Using compiler version '192829333'; Build Type 'Release'
OS: 'Windows 10  (10.0.19045) 64bit Professional' Language: 'tr' Physical Memory: 16333 MB
BatchMode: 1, IsHumanControllingUs: 0, StartBugReporterOnCrash: 0, Is64bit: 1, IsPro: 1

COMMAND LINE ARGUMENTS:
C:\Program Files\Unity\Hub\Editor\2021.3.11f1\Editor\Unity.exe
-adb2
-batchMode
-noUpm
-name
AssetImportWorker0
-projectPath
C:/Users/Hasan HÜSEYİN/Documents/GitHub/uzayli/uzayli
-logFile
Logs/AssetImportWorker0.log
-srvPort
50266
Successfully changed project path to: C:/Users/Hasan HÜSEYİN/Documents/GitHub/uzayli/uzayli
C:/Users/Hasan HÜSEYİN/Documents/GitHub/uzayli/uzayli
[UnityMemory] Configuration Parameters - Can be set up in boot.config
    "memorysetup-bucket-allocator-granularity=16"
    "memorysetup-bucket-allocator-bucket-count=8"
    "memorysetup-bucket-allocator-block-size=33554432"
    "memorysetup-bucket-allocator-block-count=8"
    "memorysetup-main-allocator-block-size=16777216"
    "memorysetup-thread-allocator-block-size=16777216"
    "memorysetup-gfx-main-allocator-block-size=16777216"
    "memorysetup-gfx-thread-allocator-block-size=16777216"
    "memorysetup-cache-allocator-block-size=4194304"
    "memorysetup-typetree-allocator-block-size=2097152"
    "memorysetup-profiler-bucket-allocator-granularity=16"
    "memorysetup-profiler-bucket-allocator-bucket-count=8"
    "memorysetup-profiler-bucket-allocator-block-size=33554432"
    "memorysetup-profiler-bucket-allocator-block-count=8"
    "memorysetup-profiler-allocator-block-size=16777216"
    "memorysetup-profiler-editor-allocator-block-size=1048576"
    "memorysetup-temp-allocator-size-main=16777216"
    "memorysetup-job-temp-allocator-block-size=2097152"
    "memorysetup-job-temp-allocator-block-size-background=1048576"
    "memorysetup-job-temp-allocator-reduction-small-platforms=262144"
    "memorysetup-temp-allocator-size-background-worker=32768"
    "memorysetup-temp-allocator-size-job-worker=262144"
    "memorysetup-temp-allocator-size-preload-manager=33554432"
    "memorysetup-temp-allocator-size-nav-mesh-worker=65536"
    "memorysetup-temp-allocator-size-audio-worker=65536"
    "memorysetup-temp-allocator-size-cloud-worker=32768"
    "memorysetup-temp-allocator-size-gi-baking-worker=262144"
    "memorysetup-temp-allocator-size-gfx=262144"
Refreshing native plugins compatible for Editor in 101.37 ms, found 3 plugins.
Preloading 0 native plugins for Editor in 0.00 ms.
Initialize engine version: 2021.3.11f1 (0a5ca18544bf)
[Subsystems] Discovering subsystems at path C:/Program Files/Unity/Hub/Editor/2021.3.11f1/Editor/Data/Resources/UnitySubsystems
[Subsystems] Discovering subsystems at path C:/Users/Hasan HÜSEYİN/Documents/GitHub/uzayli/uzayli/Assets
GfxDevice: creating device client; threaded=0; jobified=0
Direct3D:
    Version:  Direct3D 11.0 [level 11.1]
    Renderer: Radeon RX 590 Series (ID=0x67df)
    Vendor:   ATI
    VRAM:     8170 MB
    Driver:   31.0.21912.14
Initialize mono
Mono path[0] = 'C:/Program Files/Unity/Hub/Editor/2021.3.11f1/Editor/Data/Managed'
Mono path[1] = 'C:/Program Files/Unity/Hub/Editor/2021.3.11f1/Editor/Data/MonoBleedingEdge/lib/mono/unityjit-win32'
Mono config path = 'C:/Program Files/Unity/Hub/Editor/2021.3.11f1/Editor/Data/MonoBleedingEdge/etc'
Using monoOptions --debugger-agent=transport=dt_socket,embedding=1,server=y,suspend=n,address=127.0.0.1:56368
Begin MonoManager ReloadAssembly
Registering precompiled unity dll's ...
Register platform support module: C:/Program Files/Unity/Hub/Editor/2021.3.11f1/Editor/Data/PlaybackEngines/WindowsStandaloneSupport/UnityEditor.WindowsStandalone.Extensions.dll
Registered in 0.013744 seconds.
Native extension for WindowsStandalone target not found
Refreshing native plugins compatible for Editor in 98.39 ms, found 3 plugins.
Preloading 0 native plugins for Editor in 0.00 ms.
Mono: successfully reloaded assembly
- Completed reload, in  0.806 seconds
Domain Reload Profiling:
	ReloadAssembly (807ms)
		BeginReloadAssembly (109ms)
			ExecutionOrderSort (0ms)
			DisableScriptedObjects (0ms)
			BackupInstance (0ms)
			ReleaseScriptingObjects (0ms)
			CreateAndSetChildDomain (1ms)
		EndReloadAssembly (549ms)
			LoadAssemblies (102ms)
			RebuildTransferFunctionScriptingTraits (0ms)
			SetupTypeCache (127ms)
			ReleaseScriptCaches (0ms)
			RebuildScriptCaches (30ms)
			SetupLoadedEditorAssemblies (325ms)
				LogAssemblyErrors (0ms)
				InitializePlatformSupportModulesInManaged (11ms)
				SetLoadedEditorAssemblies (0ms)
				RefreshPlugins (98ms)
				BeforeProcessingInitializeOnLoad (2ms)
				ProcessInitializeOnLoadAttributes (157ms)
				ProcessInitializeOnLoadMethodAttributes (57ms)
				AfterProcessingInitializeOnLoad (0ms)
				EditorAssembliesLoaded (0ms)
			ExecutionOrderSort2 (0ms)
			AwakeInstancesAfterBackupRestoration (0ms)
Platform modules already initialized, skipping
Registering precompiled user dll's ...
Registered in 0.010793 seconds.
Begin MonoManager ReloadAssembly
Symbol file LoadedFromMemory doesn't match image C:\Users\Hasan HÜSEYİN\Documents\GitHub\uzayli\uzayli\Library\PackageCache\com.unity.visualscripting@1.7.8\Editor\VisualScripting.Core\Dependencies\YamlDotNet\Unity.VisualScripting.YamlDotNet.dll
Symbol file LoadedFromMemory doesn't match image C:\Users\Hasan HÜSEYİN\Documents\GitHub\uzayli\uzayli\Library\PackageCache\com.unity.visualscripting@1.7.8\Editor\VisualScripting.Core\Dependencies\DotNetZip\Unity.VisualScripting.IonicZip.dll
Native extension for WindowsStandalone target not found
Refreshing native plugins compatible for Editor in 0.73 ms, found 3 plugins.
Preloading 0 native plugins for Editor in 0.00 ms.
Mono: successfully reloaded assembly
- Completed reload, in  1.301 seconds
Domain Reload Profiling:
	ReloadAssembly (1302ms)
		BeginReloadAssembly (140ms)
			ExecutionOrderSort (0ms)
			DisableScriptedObjects (7ms)
			BackupInstance (0ms)
			ReleaseScriptingObjects (0ms)
			CreateAndSetChildDomain (19ms)
		EndReloadAssembly (1011ms)
			LoadAssemblies (115ms)
			RebuildTransferFunctionScriptingTraits (0ms)
			SetupTypeCache (323ms)
			ReleaseScriptCaches (1ms)
			RebuildScriptCaches (55ms)
			SetupLoadedEditorAssemblies (468ms)
				LogAssemblyErrors (0ms)
				InitializePlatformSupportModulesInManaged (9ms)
				SetLoadedEditorAssemblies (1ms)
				RefreshPlugins (1ms)
				BeforeProcessingInitializeOnLoad (120ms)
				ProcessInitializeOnLoadAttributes (285ms)
				ProcessInitializeOnLoadMethodAttributes (36ms)
				AfterProcessingInitializeOnLoad (17ms)
				EditorAssembliesLoaded (0ms)
			ExecutionOrderSort2 (0ms)
			AwakeInstancesAfterBackupRestoration (7ms)
Platform modules already initialized, skipping
========================================================================
Worker process is ready to serve import requests
Launched and connected shader compiler UnityShaderCompiler.exe after 0.06 seconds
Refreshing native plugins compatible for Editor in 0.76 ms, found 3 plugins.
Preloading 0 native plugins for Editor in 0.00 ms.
Unloading 3380 Unused Serialized files (Serialized files now loaded: 0)
Unloading 27 unused Assets / (113.4 KB). Loaded Objects now: 3844.
Memory consumption went from 119.5 MB to 119.4 MB.
Total: 3.797900 ms (FindLiveObjects: 0.406400 ms CreateObjectMapping: 0.093500 ms MarkObjects: 3.148400 ms  DeleteObjects: 0.148300 ms)

AssetImportParameters requested are different than current active one (requested -> active):
  custom:video-decoder-ogg-theora: a1e56fd34408186e4bbccfd4996cb3dc -> 
  custom:container-muxer-webm: aa71ff27fc2769a1b78a27578f13a17b -> 
  custom:container-demuxer-webm: 4f35f7cbe854078d1ac9338744f61a02 -> 
  custom:video-encoder-webm-vp8: eb34c28f22e8b96e1ab97ce403110664 -> 
  custom:audio-encoder-webm-vorbis: bf7c407c2cedff20999df2af8eb42d56 -> 
  custom:framework-win-MediaFoundation: 216162199b28c13a410421893ffa2e32 -> 
  custom:container-demuxer-ogg: 62fdf1f143b41e24485cea50d1cbac27 -> 
  custom:video-decoder-webm-vp8: 9c59270c3fd7afecdb556c50c9e8de78 -> 
  custom:audio-decoder-ogg-vorbis: bf7c407c2cedff20999df2af8eb42d56 -> 
========================================================================
Received Import Request.
  Time since last request: 1186.751363 seconds.
  path: Assets/LowpolyStreetPack/Prefabs/Roads/kaldırım
  artifactKey: Guid(a39ec385b294d164299ed8d5819510da) Importer(815301076,1909f56bfc062723c751e8b465ee728b)
Start importing Assets/LowpolyStreetPack/Prefabs/Roads/kaldırım using Guid(a39ec385b294d164299ed8d5819510da) Importer(815301076,1909f56bfc062723c751e8b465ee728b)  -> (artifact id: '735c2160cd301ad2c0f3ef7d857dc953') in 0.017519 seconds 
========================================================================
Received Import Request.
  Time since last request: 8648.628977 seconds.
  path: Assets/NatureManufacture Assets/Winter Background Mountains/Gaia Stamps/NM_Gaia_Crater_1.jpg
  artifactKey: Guid(e4921ac9885d1f246a9eab6940905234) Importer(815301076,1909f56bfc062723c751e8b465ee728b)
Start importing Assets/NatureManufacture Assets/Winter Background Mountains/Gaia Stamps/NM_Gaia_Crater_1.jpg using Guid(e4921ac9885d1f246a9eab6940905234) Importer(815301076,1909f56bfc062723c751e8b465ee728b)  -> (artifact id: '35b634c18a03913a7c567440786a1ecb') in 0.245182 seconds 
========================================================================
Received Import Request.
  Time since last request: 0.000042 seconds.
  path: Assets/NatureManufacture Assets/Winter Background Mountains/Gaia Stamps/NM_Gaia_Mountain_1.jpg
  artifactKey: Guid(9144b96c641ae68479a10a1d1c3ca43d) Importer(815301076,1909f56bfc062723c751e8b465ee728b)
Start importing Assets/NatureManufacture Assets/Winter Background Mountains/Gaia Stamps/NM_Gaia_Mountain_1.jpg using Guid(9144b96c641ae68479a10a1d1c3ca43d) Importer(815301076,1909f56bfc062723c751e8b465ee728b)  -> (artifact id: '6e9cfd882f1196e3cbfd7ee40e0d95c4') in 0.052937 seconds 
========================================================================
Received Import Request.
  Time since last request: 0.000054 seconds.
  path: Assets/NatureManufacture Assets/Winter Background Mountains/Gaia Stamps/NM_Gaia_Valey_1.jpg
  artifactKey: Guid(e58178e82b168014ba18ee7ae9e1c386) Importer(815301076,1909f56bfc062723c751e8b465ee728b)
Start importing Assets/NatureManufacture Assets/Winter Background Mountains/Gaia Stamps/NM_Gaia_Valey_1.jpg using Guid(e58178e82b168014ba18ee7ae9e1c386) Importer(815301076,1909f56bfc062723c751e8b465ee728b)  -> (artifact id: '176c0de5249633dddf17636b9ef7a9d5') in 0.058858 seconds 
========================================================================
Received Import Request.
  Time since last request: 0.000045 seconds.
  path: Assets/NatureManufacture Assets/Winter Background Mountains/Gaia Stamps/NM_Gaia_Mountain_2.jpg
  artifactKey: Guid(efa2eefa6c172294386ed9e0f0c4c6ea) Importer(815301076,1909f56bfc062723c751e8b465ee728b)
Start importing Assets/NatureManufacture Assets/Winter Background Mountains/Gaia Stamps/NM_Gaia_Mountain_2.jpg using Guid(efa2eefa6c172294386ed9e0f0c4c6ea) Importer(815301076,1909f56bfc062723c751e8b465ee728b)  -> (artifact id: '105a1b08ac1c6cdea6d6673b2682bdf1') in 0.046910 seconds 
========================================================================
Received Import Request.
  Time since last request: 0.000028 seconds.
  path: Assets/NatureManufacture Assets/Winter Background Mountains/Gaia Stamps/NM_Gaia_Valey_2.jpg
  artifactKey: Guid(0b85f9249200f944592223c39c4a8136) Importer(815301076,1909f56bfc062723c751e8b465ee728b)
Start importing Assets/NatureManufacture Assets/Winter Background Mountains/Gaia Stamps/NM_Gaia_Valey_2.jpg using Guid(0b85f9249200f944592223c39c4a8136) Importer(815301076,1909f56bfc062723c751e8b465ee728b)  -> (artifact id: '4d38fdf468e6a23893cf702bd1c0bf62') in 0.042789 seconds 
========================================================================
Received Import Request.
  Time since last request: 0.000032 seconds.
  path: Assets/NatureManufacture Assets/Winter Background Mountains/Gaia Stamps/NM_Gaia_Hill_2.jpg
  artifactKey: Guid(7e980cc87c7e43548be15a5f6f19af65) Importer(815301076,1909f56bfc062723c751e8b465ee728b)
Start importing Assets/NatureManufacture Assets/Winter Background Mountains/Gaia Stamps/NM_Gaia_Hill_2.jpg using Guid(7e980cc87c7e43548be15a5f6f19af65) Importer(815301076,1909f56bfc062723c751e8b465ee728b)  -> (artifact id: 'ca908f6cc30aa414b9dc1c46d3b2ae0b') in 0.051484 seconds 
========================================================================
Received Import Request.
  Time since last request: 0.000033 seconds.
  path: Assets/NatureManufacture Assets/Winter Background Mountains/Gaia Stamps/NM_Gaia_Hill_8.jpg
  artifactKey: Guid(e6aee031cf0394d4491fd7cdb0596f55) Importer(815301076,1909f56bfc062723c751e8b465ee728b)
Start importing Assets/NatureManufacture Assets/Winter Background Mountains/Gaia Stamps/NM_Gaia_Hill_8.jpg using Guid(e6aee031cf0394d4491fd7cdb0596f55) Importer(815301076,1909f56bfc062723c751e8b465ee728b)  -> (artifact id: 'b97bae2bc581c9ef8620c06879359e0b') in 0.060634 seconds 
========================================================================
Received Import Request.
  Time since last request: 0.000064 seconds.
  path: Assets/NatureManufacture Assets/Winter Background Mountains/Gaia Stamps/NM_Gaia_Hill_9.jpg
  artifactKey: Guid(208f94ed97b9c5140ad04b75eaa63fe8) Importer(815301076,1909f56bfc062723c751e8b465ee728b)
Start importing Assets/NatureManufacture Assets/Winter Background Mountains/Gaia Stamps/NM_Gaia_Hill_9.jpg using Guid(208f94ed97b9c5140ad04b75eaa63fe8) Importer(815301076,1909f56bfc062723c751e8b465ee728b)  -> (artifact id: '149539aa98655b740fa25d4ff3149166') in 0.049347 seconds 
========================================================================
Received Import Request.
  Time since last request: 0.000032 seconds.
  path: Assets/NatureManufacture Assets/Winter Background Mountains/Gaia Stamps/NM_Gaia_Valey_3.jpg
  artifactKey: Guid(b92bc381281fe2d4585ea0f31ac8edb1) Importer(815301076,1909f56bfc062723c751e8b465ee728b)
Start importing Assets/NatureManufacture Assets/Winter Background Mountains/Gaia Stamps/NM_Gaia_Valey_3.jpg using Guid(b92bc381281fe2d4585ea0f31ac8edb1) Importer(815301076,1909f56bfc062723c751e8b465ee728b)  -> (artifact id: 'cb92916ba454db0ae8844407f350ddc8') in 0.038229 seconds 
========================================================================
Received Import Request.
  Time since last request: 0.000039 seconds.
  path: Assets/NatureManufacture Assets/Winter Background Mountains/Gaia Stamps/NM_Gaia_Mountain_5.jpg
  artifactKey: Guid(7ac74ed69b48c264a87554c5932c994c) Importer(815301076,1909f56bfc062723c751e8b465ee728b)
Start importing Assets/NatureManufacture Assets/Winter Background Mountains/Gaia Stamps/NM_Gaia_Mountain_5.jpg using Guid(7ac74ed69b48c264a87554c5932c994c) Importer(815301076,1909f56bfc062723c751e8b465ee728b)  -> (artifact id: 'fa8c1d26fe030dbca9356d18ef67748e') in 0.046572 seconds 
========================================================================
Received Import Request.
  Time since last request: 1.043363 seconds.
  path: Assets/NatureManufacture Assets/Winter Background Mountains/Prefabs/Prefab_Mountain_2.prefab
  artifactKey: Guid(01dd7a58c63283449b8d845a452090e8) Importer(815301076,1909f56bfc062723c751e8b465ee728b)
Start importing Assets/NatureManufacture Assets/Winter Background Mountains/Prefabs/Prefab_Mountain_2.prefab using Guid(01dd7a58c63283449b8d845a452090e8) Importer(815301076,1909f56bfc062723c751e8b465ee728b)  -> (artifact id: '5814c951401c4deffedbbb44d96c5895') in 0.726385 seconds 
========================================================================
Received Import Request.
  Time since last request: 0.000029 seconds.
  path: Assets/NatureManufacture Assets/Winter Background Mountains/Prefabs/Prefab_Mountain_22.prefab
  artifactKey: Guid(51124bb250d8f2d4eb16bc165c55409e) Importer(815301076,1909f56bfc062723c751e8b465ee728b)
Start importing Assets/NatureManufacture Assets/Winter Background Mountains/Prefabs/Prefab_Mountain_22.prefab using Guid(51124bb250d8f2d4eb16bc165c55409e) Importer(815301076,1909f56bfc062723c751e8b465ee728b)  -> (artifact id: '249e1b811e749b70144caeac66cbeee5') in 0.163052 seconds 
========================================================================
Received Import Request.
  Time since last request: 0.000055 seconds.
  path: Assets/NatureManufacture Assets/Winter Background Mountains/Prefabs/Prefab_Mountain_23.prefab
  artifactKey: Guid(90f6cb45efc979145bfe6b410430f5a3) Importer(815301076,1909f56bfc062723c751e8b465ee728b)
Start importing Assets/NatureManufacture Assets/Winter Background Mountains/Prefabs/Prefab_Mountain_23.prefab using Guid(90f6cb45efc979145bfe6b410430f5a3) Importer(815301076,1909f56bfc062723c751e8b465ee728b)  -> (artifact id: '96dce289b536f76520df5ac242669629') in 0.163012 seconds 
========================================================================
Received Prepare
Registering precompiled user dll's ...
Registered in 0.011830 seconds.
Begin MonoManager ReloadAssembly
Symbol file LoadedFromMemory doesn't match image C:\Users\Hasan HÜSEYİN\Documents\GitHub\uzayli\uzayli\Library\PackageCache\com.unity.visualscripting@1.7.8\Editor\VisualScripting.Core\Dependencies\YamlDotNet\Unity.VisualScripting.YamlDotNet.dll
Symbol file LoadedFromMemory doesn't match image C:\Users\Hasan HÜSEYİN\Documents\GitHub\uzayli\uzayli\Library\PackageCache\com.unity.visualscripting@1.7.8\Editor\VisualScripting.Core\Dependencies\DotNetZip\Unity.VisualScripting.IonicZip.dll
Native extension for WindowsStandalone target not found
Refreshing native plugins compatible for Editor in 1.10 ms, found 3 plugins.
Preloading 0 native plugins for Editor in 0.00 ms.
Mono: successfully reloaded assembly
- Completed reload, in  1.299 seconds
Domain Reload Profiling:
	ReloadAssembly (1300ms)
		BeginReloadAssembly (185ms)
			ExecutionOrderSort (0ms)
			DisableScriptedObjects (6ms)
			BackupInstance (0ms)
			ReleaseScriptingObjects (0ms)
			CreateAndSetChildDomain (45ms)
		EndReloadAssembly (971ms)
			LoadAssemblies (125ms)
			RebuildTransferFunctionScriptingTraits (0ms)
			SetupTypeCache (313ms)
			ReleaseScriptCaches (1ms)
			RebuildScriptCaches (48ms)
			SetupLoadedEditorAssemblies (434ms)
				LogAssemblyErrors (0ms)
				InitializePlatformSupportModulesInManaged (19ms)
				SetLoadedEditorAssemblies (1ms)
				RefreshPlugins (1ms)
				BeforeProcessingInitializeOnLoad (102ms)
				ProcessInitializeOnLoadAttributes (256ms)
				ProcessInitializeOnLoadMethodAttributes (37ms)
				AfterProcessingInitializeOnLoad (18ms)
				EditorAssembliesLoaded (0ms)
			ExecutionOrderSort2 (0ms)
			AwakeInstancesAfterBackupRestoration (8ms)
Platform modules already initialized, skipping
Refreshing native plugins compatible for Editor in 3.18 ms, found 3 plugins.
Preloading 0 native plugins for Editor in 0.00 ms.
Unloading 3375 Unused Serialized files (Serialized files now loaded: 0)
Unloading 20 unused Assets / (80.0 KB). Loaded Objects now: 3857.
Memory consumption went from 123.9 MB to 123.8 MB.
Total: 3.976400 ms (FindLiveObjects: 0.345700 ms CreateObjectMapping: 0.089700 ms MarkObjects: 3.417600 ms  DeleteObjects: 0.122500 ms)

AssetImportParameters requested are different than current active one (requested -> active):
  custom:video-decoder-ogg-theora: a1e56fd34408186e4bbccfd4996cb3dc -> 
  custom:container-muxer-webm: aa71ff27fc2769a1b78a27578f13a17b -> 
  custom:container-demuxer-webm: 4f35f7cbe854078d1ac9338744f61a02 -> 
  custom:video-encoder-webm-vp8: eb34c28f22e8b96e1ab97ce403110664 -> 
  custom:audio-encoder-webm-vorbis: bf7c407c2cedff20999df2af8eb42d56 -> 
  custom:framework-win-MediaFoundation: 216162199b28c13a410421893ffa2e32 -> 
  custom:container-demuxer-ogg: 62fdf1f143b41e24485cea50d1cbac27 -> 
  custom:video-decoder-webm-vp8: 9c59270c3fd7afecdb556c50c9e8de78 -> 
  custom:audio-decoder-ogg-vorbis: bf7c407c2cedff20999df2af8eb42d56 -> 
